Using pre-set license
Built from '2020.3/release' branch; Version is '2020.3.2f1 (8fd9074bf66c) revision 9427207'; Using compiler version '192528614'; Build Type 'Release'
OS: 'Windows 10 Pro; OS build 19044.2251; Version 2009; 64bit' Language: 'en' Physical Memory: 16225 MB
BatchMode: 1, IsHumanControllingUs: 0, StartBugReporterOnCrash: 0, Is64bit: 1, IsPro: 0

 COMMAND LINE ARGUMENTS:
C:\Program Files\Unity\Hub\Editor\2020.3.2f1\Editor\Unity.exe
-adb2
-batchMode
-noUpm
-name
AssetImportWorker0
-projectPath
C:/Users/raego/Documents/uni/TFG/Project_TFG
-logFile
Logs/AssetImportWorker0.log
-srvPort
60820
Successfully changed project path to: C:/Users/raego/Documents/uni/TFG/Project_TFG
C:/Users/raego/Documents/uni/TFG/Project_TFG
Using Asset Import Pipeline V2.
Refreshing native plugins compatible for Editor in 34.65 ms, found 1 plugins.
Preloading 0 native plugins for Editor in 0.00 ms.
Initialize engine version: 2020.3.2f1 (8fd9074bf66c)
[Subsystems] Discovering subsystems at path C:/Program Files/Unity/Hub/Editor/2020.3.2f1/Editor/Data/Resources/UnitySubsystems
[Subsystems] Discovering subsystems at path C:/Users/raego/Documents/uni/TFG/Project_TFG/Assets
GfxDevice: creating device client; threaded=0
Direct3D:
    Version:  Direct3D 11.0 [level 11.1]
    Renderer: NVIDIA GeForce RTX 2060 (ID=0x1f15)
    Vendor:   
    VRAM:     5968 MB
    Driver:   31.0.15.2647
Initialize mono
Mono path[0] = 'C:/Program Files/Unity/Hub/Editor/2020.3.2f1/Editor/Data/Managed'
Mono path[1] = 'C:/Program Files/Unity/Hub/Editor/2020.3.2f1/Editor/Data/MonoBleedingEdge/lib/mono/unityjit'
Mono config path = 'C:/Program Files/Unity/Hub/Editor/2020.3.2f1/Editor/Data/MonoBleedingEdge/etc'
Using monoOptions --debugger-agent=transport=dt_socket,embedding=1,server=y,suspend=n,address=127.0.0.1:56756
Begin MonoManager ReloadAssembly
Registering precompiled unity dll's ...
Register platform support module: C:/Program Files/Unity/Hub/Editor/2020.3.2f1/Editor/Data/PlaybackEngines/WindowsStandaloneSupport/UnityEditor.WindowsStandalone.Extensions.dll
Registered in 0.002416 seconds.
Native extension for WindowsStandalone target not found
Refreshing native plugins compatible for Editor in 33.46 ms, found 1 plugins.
Preloading 0 native plugins for Editor in 0.00 ms.
Invoked RoslynAnalysisRunner static constructor.
RoslynAnalysisRunner will not be running.
RoslynAnalysisRunner has terminated.
Mono: successfully reloaded assembly
- Completed reload, in  1.964 seconds
Platform modules already initialized, skipping
Registering precompiled user dll's ...
Registered in 0.004828 seconds.
Begin MonoManager ReloadAssembly
Native extension for WindowsStandalone target not found
Refreshing native plugins compatible for Editor in 31.40 ms, found 1 plugins.
Preloading 0 native plugins for Editor in 0.00 ms.
Invoked RoslynAnalysisRunner static constructor.
RoslynAnalysisRunner will not be running.
RoslynAnalysisRunner has terminated.
Mono: successfully reloaded assembly
- Completed reload, in  1.557 seconds
Platform modules already initialized, skipping
========================================================================
Worker process is ready to serve import requests
Launched and connected shader compiler UnityShaderCompiler.exe after 0.05 seconds
Refreshing native plugins compatible for Editor in 0.56 ms, found 1 plugins.
Preloading 0 native plugins for Editor in 0.00 ms.
Unloading 1693 Unused Serialized files (Serialized files now loaded: 0)
System memory in use before: 95.1 MB.
System memory in use after: 95.2 MB.

Unloading 24 unused Assets to reduce memory usage. Loaded Objects now: 2143.
Total: 2.465100 ms (FindLiveObjects: 0.279000 ms CreateObjectMapping: 0.126000 ms MarkObjects: 1.969800 ms  DeleteObjects: 0.089100 ms)

========================================================================
Received Import Request.
  path: Assets/onnx/Ship.onnx
  artifactKey: Guid(eec3062cee665bd40a94c2aff6c33039) Importer(815301076,1909f56bfc062723c751e8b465ee728b)
Start importing Assets/onnx/Ship.onnx using Guid(eec3062cee665bd40a94c2aff6c33039) Importer(815301076,1909f56bfc062723c751e8b465ee728b)  -> (artifact id: '3abda3cbb2eb4c237cde6bb3e38008fb') in 0.079306 seconds
  Import took 0.081880 seconds .

========================================================================
Received Import Request.
  Time since last request: 10.876973 seconds.
  path: Assets/onnx/Ship101.onnx
  artifactKey: Guid(eec3062cee665bd40a94c2aff6c33039) Importer(815301076,1909f56bfc062723c751e8b465ee728b)
Start importing Assets/onnx/Ship101.onnx using Guid(eec3062cee665bd40a94c2aff6c33039) Importer(815301076,1909f56bfc062723c751e8b465ee728b)  -> (artifact id: '0a986f0d4838c271b4342d124214b8f5') in 0.012696 seconds
  Import took 0.015489 seconds .

========================================================================
Received Import Request.
  Time since last request: 14.170688 seconds.
  path: Assets/Prefabs/Ship.prefab
  artifactKey: Guid(b3f1a4c4403f9f74994176bd9b15748a) Importer(815301076,1909f56bfc062723c751e8b465ee728b)
Start importing Assets/Prefabs/Ship.prefab using Guid(b3f1a4c4403f9f74994176bd9b15748a) Importer(815301076,1909f56bfc062723c751e8b465ee728b)  -> (artifact id: 'a5a8be3f7f77c9a02541af096b958c8f') in 0.094842 seconds
  Import took 0.098215 seconds .

========================================================================
Received Prepare
Registering precompiled user dll's ...
Registered in 0.006902 seconds.
Begin MonoManager ReloadAssembly
Native extension for WindowsStandalone target not found
Refreshing native plugins compatible for Editor in 0.42 ms, found 1 plugins.
Preloading 0 native plugins for Editor in 0.00 ms.
Invoked RoslynAnalysisRunner static constructor.
RoslynAnalysisRunner will not be running.
RoslynAnalysisRunner has terminated.
Mono: successfully reloaded assembly
- Completed reload, in  1.181 seconds
Platform modules already initialized, skipping
Refreshing native plugins compatible for Editor in 0.40 ms, found 1 plugins.
Preloading 0 native plugins for Editor in 0.00 ms.
Unloading 1688 Unused Serialized files (Serialized files now loaded: 0)
System memory in use before: 98.2 MB.
System memory in use after: 98.3 MB.

Unloading 19 unused Assets to reduce memory usage. Loaded Objects now: 2157.
Total: 2.273800 ms (FindLiveObjects: 0.175900 ms CreateObjectMapping: 0.064200 ms MarkObjects: 1.982000 ms  DeleteObjects: 0.050900 ms)

========================================================================
Received Import Request.
  Time since last request: 604.366609 seconds.
  path: Assets/Prefabs/Ship.prefab
  artifactKey: Guid(b3f1a4c4403f9f74994176bd9b15748a) Importer(815301076,1909f56bfc062723c751e8b465ee728b)
Start importing Assets/Prefabs/Ship.prefab using Guid(b3f1a4c4403f9f74994176bd9b15748a) Importer(815301076,1909f56bfc062723c751e8b465ee728b)  -> (artifact id: '068639c47f8c2d61bf630c45a777aaf0') in 0.084953 seconds
  Import took 0.088520 seconds .

========================================================================
Received Import Request.
  Time since last request: 0.018536 seconds.
  path: Assets/Prefabs/Ship.prefab
  artifactKey: Guid(b3f1a4c4403f9f74994176bd9b15748a) Importer(815301076,1909f56bfc062723c751e8b465ee728b)
Start importing Assets/Prefabs/Ship.prefab using Guid(b3f1a4c4403f9f74994176bd9b15748a) Importer(815301076,1909f56bfc062723c751e8b465ee728b)  -> (artifact id: '068639c47f8c2d61bf630c45a777aaf0') in 0.014244 seconds
  Import took 0.025990 seconds .

AssetImportWorkerClient::OnTransportError - code=2 error=End of file
