Using pre-set license
Built from '2020.3/release' branch; Version is '2020.3.2f1 (8fd9074bf66c) revision 9427207'; Using compiler version '192528614'; Build Type 'Release'
OS: 'Windows 10 Pro; OS build 19042.1052; Version 2009; 64bit' Language: 'es' Physical Memory: 16225 MB
BatchMode: 1, IsHumanControllingUs: 0, StartBugReporterOnCrash: 0, Is64bit: 1, IsPro: 0

 COMMAND LINE ARGUMENTS:
C:\Program Files\Unity\Hub\Editor\2020.3.2f1\Editor\Unity.exe
-adb2
-batchMode
-noUpm
-name
AssetImportWorker0
-projectPath
C:/Users/raego/Documents/uni/TFG/Project_TFG
-logFile
Logs/AssetImportWorker0.log
-srvPort
62701
Successfully changed project path to: C:/Users/raego/Documents/uni/TFG/Project_TFG
C:/Users/raego/Documents/uni/TFG/Project_TFG
Using Asset Import Pipeline V2.
Refreshing native plugins compatible for Editor in 34.58 ms, found 1 plugins.
Preloading 0 native plugins for Editor in 0.00 ms.
Initialize engine version: 2020.3.2f1 (8fd9074bf66c)
[Subsystems] Discovering subsystems at path C:/Program Files/Unity/Hub/Editor/2020.3.2f1/Editor/Data/Resources/UnitySubsystems
[Subsystems] Discovering subsystems at path C:/Users/raego/Documents/uni/TFG/Project_TFG/Assets
GfxDevice: creating device client; threaded=0
Direct3D:
    Version:  Direct3D 11.0 [level 11.1]
    Renderer: NVIDIA GeForce RTX 2060 (ID=0x1f15)
    Vendor:   
    VRAM:     5980 MB
    Driver:   30.0.14.7111
Initialize mono
Mono path[0] = 'C:/Program Files/Unity/Hub/Editor/2020.3.2f1/Editor/Data/Managed'
Mono path[1] = 'C:/Program Files/Unity/Hub/Editor/2020.3.2f1/Editor/Data/MonoBleedingEdge/lib/mono/unityjit'
Mono config path = 'C:/Program Files/Unity/Hub/Editor/2020.3.2f1/Editor/Data/MonoBleedingEdge/etc'
Using monoOptions --debugger-agent=transport=dt_socket,embedding=1,server=y,suspend=n,address=127.0.0.1:56300
Begin MonoManager ReloadAssembly
Registering precompiled unity dll's ...
Register platform support module: C:/Program Files/Unity/Hub/Editor/2020.3.2f1/Editor/Data/PlaybackEngines/WindowsStandaloneSupport/UnityEditor.WindowsStandalone.Extensions.dll
Registered in 0.002106 seconds.
Native extension for WindowsStandalone target not found
Refreshing native plugins compatible for Editor in 33.65 ms, found 1 plugins.
Preloading 0 native plugins for Editor in 0.00 ms.
Invoked RoslynAnalysisRunner static constructor.
RoslynAnalysisRunner will not be running.
RoslynAnalysisRunner has terminated.
Mono: successfully reloaded assembly
- Completed reload, in  1.962 seconds
Platform modules already initialized, skipping
Registering precompiled user dll's ...
Registered in 0.004401 seconds.
Begin MonoManager ReloadAssembly
Native extension for WindowsStandalone target not found
Refreshing native plugins compatible for Editor in 43.71 ms, found 1 plugins.
Preloading 0 native plugins for Editor in 0.00 ms.
Invoked RoslynAnalysisRunner static constructor.
RoslynAnalysisRunner will not be running.
RoslynAnalysisRunner has terminated.
Mono: successfully reloaded assembly
- Completed reload, in  1.922 seconds
Platform modules already initialized, skipping
========================================================================
Worker process is ready to serve import requests
Launched and connected shader compiler UnityShaderCompiler.exe after 0.05 seconds
Refreshing native plugins compatible for Editor in 0.39 ms, found 1 plugins.
Preloading 0 native plugins for Editor in 0.00 ms.
Unloading 1693 Unused Serialized files (Serialized files now loaded: 0)
System memory in use before: 95.1 MB.
System memory in use after: 95.2 MB.

Unloading 24 unused Assets to reduce memory usage. Loaded Objects now: 2143.
Total: 2.520900 ms (FindLiveObjects: 0.182200 ms CreateObjectMapping: 0.068500 ms MarkObjects: 2.189800 ms  DeleteObjects: 0.078900 ms)

========================================================================
Received Import Request.
  path: Assets/Scripts/Shot.cs
  artifactKey: Guid(c3bf6f49cbbb898459c1febdaa8101cd) Importer(815301076,1909f56bfc062723c751e8b465ee728b)
Start importing Assets/Scripts/Shot.cs using Guid(c3bf6f49cbbb898459c1febdaa8101cd) Importer(815301076,1909f56bfc062723c751e8b465ee728b)  -> (artifact id: '15dc7fbaa0f7be4acc7f3cc8e7470da3') in 0.037124 seconds
  Import took 0.042190 seconds .

========================================================================
Received Import Request.
  Time since last request: 1531.465246 seconds.
  path: Assets/Scripts/Shot.cs
  artifactKey: Guid(c3bf6f49cbbb898459c1febdaa8101cd) Importer(815301076,1909f56bfc062723c751e8b465ee728b)
Start importing Assets/Scripts/Shot.cs using Guid(c3bf6f49cbbb898459c1febdaa8101cd) Importer(815301076,1909f56bfc062723c751e8b465ee728b)  -> (artifact id: '215b95b8d8fa5a3ddf01e8e544da6c6a') in 0.008953 seconds
  Import took 0.013652 seconds .

========================================================================
Received Import Request.
  Time since last request: 0.005855 seconds.
  path: Assets/Scripts/Shot.cs
  artifactKey: Guid(c3bf6f49cbbb898459c1febdaa8101cd) Importer(815301076,1909f56bfc062723c751e8b465ee728b)
Start importing Assets/Scripts/Shot.cs using Guid(c3bf6f49cbbb898459c1febdaa8101cd) Importer(815301076,1909f56bfc062723c751e8b465ee728b)  -> (artifact id: '215b95b8d8fa5a3ddf01e8e544da6c6a') in 0.003067 seconds
  Import took 0.006089 seconds .

========================================================================
Received Prepare
Registering precompiled user dll's ...
Registered in 0.003838 seconds.
Begin MonoManager ReloadAssembly
Native extension for WindowsStandalone target not found
Refreshing native plugins compatible for Editor in 0.34 ms, found 1 plugins.
Preloading 0 native plugins for Editor in 0.00 ms.
Invoked RoslynAnalysisRunner static constructor.
RoslynAnalysisRunner will not be running.
RoslynAnalysisRunner has terminated.
Mono: successfully reloaded assembly
- Completed reload, in  0.958 seconds
Platform modules already initialized, skipping
Refreshing native plugins compatible for Editor in 0.34 ms, found 1 plugins.
Preloading 0 native plugins for Editor in 0.00 ms.
Unloading 1688 Unused Serialized files (Serialized files now loaded: 0)
System memory in use before: 95.1 MB.
System memory in use after: 95.1 MB.

Unloading 18 unused Assets to reduce memory usage. Loaded Objects now: 2147.
Total: 3.254200 ms (FindLiveObjects: 0.180100 ms CreateObjectMapping: 0.049200 ms MarkObjects: 2.971900 ms  DeleteObjects: 0.051800 ms)

========================================================================
Received Prepare
Registering precompiled user dll's ...
Registered in 0.005318 seconds.
Begin MonoManager ReloadAssembly
Native extension for WindowsStandalone target not found
Refreshing native plugins compatible for Editor in 0.36 ms, found 1 plugins.
Preloading 0 native plugins for Editor in 0.00 ms.
Invoked RoslynAnalysisRunner static constructor.
RoslynAnalysisRunner will not be running.
RoslynAnalysisRunner has terminated.
Mono: successfully reloaded assembly
- Completed reload, in  0.961 seconds
Platform modules already initialized, skipping
Refreshing native plugins compatible for Editor in 0.35 ms, found 1 plugins.
Preloading 0 native plugins for Editor in 0.00 ms.
Unloading 1688 Unused Serialized files (Serialized files now loaded: 0)
System memory in use before: 95.1 MB.
System memory in use after: 95.2 MB.

Unloading 18 unused Assets to reduce memory usage. Loaded Objects now: 2151.
Total: 2.240900 ms (FindLiveObjects: 0.168800 ms CreateObjectMapping: 0.054900 ms MarkObjects: 1.967600 ms  DeleteObjects: 0.048800 ms)

========================================================================
Received Import Request.
  Time since last request: 1304.783030 seconds.
  path: Assets/Prefabs/Ship.prefab
  artifactKey: Guid(b3f1a4c4403f9f74994176bd9b15748a) Importer(815301076,1909f56bfc062723c751e8b465ee728b)
Start importing Assets/Prefabs/Ship.prefab using Guid(b3f1a4c4403f9f74994176bd9b15748a) Importer(815301076,1909f56bfc062723c751e8b465ee728b)  -> (artifact id: '0f75b5f24288318c24af484349c9dc6f') in 0.128551 seconds
  Import took 0.132251 seconds .

========================================================================
Received Prepare
Registering precompiled user dll's ...
Registered in 0.004535 seconds.
Begin MonoManager ReloadAssembly
Native extension for WindowsStandalone target not found
Refreshing native plugins compatible for Editor in 0.35 ms, found 1 plugins.
Preloading 0 native plugins for Editor in 0.00 ms.
Invoked RoslynAnalysisRunner static constructor.
RoslynAnalysisRunner will not be running.
RoslynAnalysisRunner has terminated.
Mono: successfully reloaded assembly
- Completed reload, in  0.961 seconds
Platform modules already initialized, skipping
Refreshing native plugins compatible for Editor in 0.34 ms, found 1 plugins.
Preloading 0 native plugins for Editor in 0.00 ms.
Unloading 1688 Unused Serialized files (Serialized files now loaded: 0)
System memory in use before: 98.3 MB.
System memory in use after: 98.4 MB.

Unloading 19 unused Assets to reduce memory usage. Loaded Objects now: 2166.
Total: 2.276900 ms (FindLiveObjects: 0.185500 ms CreateObjectMapping: 0.064200 ms MarkObjects: 1.972000 ms  DeleteObjects: 0.054100 ms)

========================================================================
Received Prepare
Registering precompiled user dll's ...
Registered in 0.003712 seconds.
Begin MonoManager ReloadAssembly
Native extension for WindowsStandalone target not found
Refreshing native plugins compatible for Editor in 0.34 ms, found 1 plugins.
Preloading 0 native plugins for Editor in 0.00 ms.
Invoked RoslynAnalysisRunner static constructor.
RoslynAnalysisRunner will not be running.
RoslynAnalysisRunner has terminated.
Mono: successfully reloaded assembly
- Completed reload, in  0.967 seconds
Platform modules already initialized, skipping
Refreshing native plugins compatible for Editor in 0.36 ms, found 1 plugins.
Preloading 0 native plugins for Editor in 0.00 ms.
Unloading 1688 Unused Serialized files (Serialized files now loaded: 0)
System memory in use before: 98.3 MB.
System memory in use after: 98.4 MB.

Unloading 18 unused Assets to reduce memory usage. Loaded Objects now: 2170.
Total: 3.515500 ms (FindLiveObjects: 0.269600 ms CreateObjectMapping: 0.104000 ms MarkObjects: 3.092400 ms  DeleteObjects: 0.048800 ms)

========================================================================
Received Prepare
Registering precompiled user dll's ...
Registered in 0.003774 seconds.
Begin MonoManager ReloadAssembly
Native extension for WindowsStandalone target not found
Refreshing native plugins compatible for Editor in 0.34 ms, found 1 plugins.
Preloading 0 native plugins for Editor in 0.00 ms.
Invoked RoslynAnalysisRunner static constructor.
RoslynAnalysisRunner will not be running.
RoslynAnalysisRunner has terminated.
Mono: successfully reloaded assembly
- Completed reload, in  0.960 seconds
Platform modules already initialized, skipping
Refreshing native plugins compatible for Editor in 0.35 ms, found 1 plugins.
Preloading 0 native plugins for Editor in 0.00 ms.
Unloading 1688 Unused Serialized files (Serialized files now loaded: 0)
System memory in use before: 98.3 MB.
System memory in use after: 98.4 MB.

Unloading 18 unused Assets to reduce memory usage. Loaded Objects now: 2174.
Total: 2.223200 ms (FindLiveObjects: 0.177200 ms CreateObjectMapping: 0.058400 ms MarkObjects: 1.940900 ms  DeleteObjects: 0.046000 ms)

========================================================================
Received Import Request.
  Time since last request: 1737.641530 seconds.
  path: Assets/Prefabs/Ship.prefab
  artifactKey: Guid(b3f1a4c4403f9f74994176bd9b15748a) Importer(815301076,1909f56bfc062723c751e8b465ee728b)
Start importing Assets/Prefabs/Ship.prefab using Guid(b3f1a4c4403f9f74994176bd9b15748a) Importer(815301076,1909f56bfc062723c751e8b465ee728b)  -> (artifact id: '682140a5e7d95910cca0ac450c330162') in 0.095754 seconds
  Import took 0.100938 seconds .

========================================================================
Received Import Request.
  Time since last request: 0.003543 seconds.
  path: Assets/Prefabs/Ship.prefab
  artifactKey: Guid(b3f1a4c4403f9f74994176bd9b15748a) Importer(815301076,1909f56bfc062723c751e8b465ee728b)
Start importing Assets/Prefabs/Ship.prefab using Guid(b3f1a4c4403f9f74994176bd9b15748a) Importer(815301076,1909f56bfc062723c751e8b465ee728b)  -> (artifact id: '682140a5e7d95910cca0ac450c330162') in 0.012060 seconds
  Import took 0.015430 seconds .

========================================================================
Received Import Request.
  Time since last request: 182.246229 seconds.
  path: Assets/Prefabs/Ship.prefab
  artifactKey: Guid(b3f1a4c4403f9f74994176bd9b15748a) Importer(815301076,1909f56bfc062723c751e8b465ee728b)
Start importing Assets/Prefabs/Ship.prefab using Guid(b3f1a4c4403f9f74994176bd9b15748a) Importer(815301076,1909f56bfc062723c751e8b465ee728b)  -> (artifact id: '365926a7a0baaa6a84454a5a43d6c727') in 0.010093 seconds
  Import took 0.022042 seconds .

========================================================================
Received Prepare
Registering precompiled user dll's ...
Registered in 0.003824 seconds.
Begin MonoManager ReloadAssembly
Native extension for WindowsStandalone target not found
Refreshing native plugins compatible for Editor in 0.35 ms, found 1 plugins.
Preloading 0 native plugins for Editor in 0.00 ms.
Invoked RoslynAnalysisRunner static constructor.
RoslynAnalysisRunner will not be running.
RoslynAnalysisRunner has terminated.
Mono: successfully reloaded assembly
- Completed reload, in  0.945 seconds
Platform modules already initialized, skipping
Refreshing native plugins compatible for Editor in 0.39 ms, found 1 plugins.
Preloading 0 native plugins for Editor in 0.00 ms.
Unloading 1688 Unused Serialized files (Serialized files now loaded: 0)
System memory in use before: 98.4 MB.
System memory in use after: 98.4 MB.

Unloading 19 unused Assets to reduce memory usage. Loaded Objects now: 2179.
Total: 3.207100 ms (FindLiveObjects: 0.256800 ms CreateObjectMapping: 0.091100 ms MarkObjects: 2.798300 ms  DeleteObjects: 0.059800 ms)

========================================================================
Received Prepare
Registering precompiled user dll's ...
Registered in 0.004277 seconds.
Begin MonoManager ReloadAssembly
Native extension for WindowsStandalone target not found
Refreshing native plugins compatible for Editor in 0.46 ms, found 1 plugins.
Preloading 0 native plugins for Editor in 0.00 ms.
Invoked RoslynAnalysisRunner static constructor.
RoslynAnalysisRunner will not be running.
RoslynAnalysisRunner has terminated.
Mono: successfully reloaded assembly
- Completed reload, in  1.105 seconds
Platform modules already initialized, skipping
Refreshing native plugins compatible for Editor in 0.47 ms, found 1 plugins.
Preloading 0 native plugins for Editor in 0.00 ms.
Unloading 1688 Unused Serialized files (Serialized files now loaded: 0)
System memory in use before: 98.4 MB.
System memory in use after: 98.5 MB.

Unloading 18 unused Assets to reduce memory usage. Loaded Objects now: 2183.
Total: 2.699900 ms (FindLiveObjects: 0.192100 ms CreateObjectMapping: 0.063500 ms MarkObjects: 2.374800 ms  DeleteObjects: 0.068800 ms)

========================================================================
Received Import Request.
  Time since last request: 13199.790677 seconds.
  path: Assets/onnx/Ship.onnx
  artifactKey: Guid(ada880a0037786840b7b5887fe743b55) Importer(815301076,1909f56bfc062723c751e8b465ee728b)
Start importing Assets/onnx/Ship.onnx using Guid(ada880a0037786840b7b5887fe743b55) Importer(815301076,1909f56bfc062723c751e8b465ee728b)  -> (artifact id: '9068f0781257c865808eb548c3a684fa') in 0.055420 seconds
  Import took 0.060163 seconds .

========================================================================
Received Import Request.
  Time since last request: 4.530239 seconds.
  path: Assets/onnx/Ship31.1.onnx
  artifactKey: Guid(ada880a0037786840b7b5887fe743b55) Importer(815301076,1909f56bfc062723c751e8b465ee728b)
Start importing Assets/onnx/Ship31.1.onnx using Guid(ada880a0037786840b7b5887fe743b55) Importer(815301076,1909f56bfc062723c751e8b465ee728b)  -> (artifact id: '28f2e19203053e3a364cbb97ad805288') in 0.010779 seconds
  Import took 0.014212 seconds .

========================================================================
Received Import Request.
  Time since last request: 5.867345 seconds.
  path: Assets/Prefabs/Ship.prefab
  artifactKey: Guid(b3f1a4c4403f9f74994176bd9b15748a) Importer(815301076,1909f56bfc062723c751e8b465ee728b)
Start importing Assets/Prefabs/Ship.prefab using Guid(b3f1a4c4403f9f74994176bd9b15748a) Importer(815301076,1909f56bfc062723c751e8b465ee728b)  -> (artifact id: 'a67718d72556dde85f6a6c3daaec499b') in 0.075189 seconds
  Import took 0.087830 seconds .

========================================================================
Received Import Request.
  Time since last request: 6.085199 seconds.
  path: Assets/Prefabs/Ship.prefab
  artifactKey: Guid(b3f1a4c4403f9f74994176bd9b15748a) Importer(815301076,1909f56bfc062723c751e8b465ee728b)
Start importing Assets/Prefabs/Ship.prefab using Guid(b3f1a4c4403f9f74994176bd9b15748a) Importer(815301076,1909f56bfc062723c751e8b465ee728b)  -> (artifact id: 'd39f0fafb3fd169deb9fbb45bd472d42') in 0.016366 seconds
  Import took 0.022713 seconds .

========================================================================
Received Import Request.
  Time since last request: 0.014436 seconds.
  path: Assets/Prefabs/Ship.prefab
  artifactKey: Guid(b3f1a4c4403f9f74994176bd9b15748a) Importer(815301076,1909f56bfc062723c751e8b465ee728b)
Start importing Assets/Prefabs/Ship.prefab using Guid(b3f1a4c4403f9f74994176bd9b15748a) Importer(815301076,1909f56bfc062723c751e8b465ee728b)  -> (artifact id: 'd39f0fafb3fd169deb9fbb45bd472d42') in 0.011858 seconds
  Import took 0.014946 seconds .

========================================================================
Received Prepare
Registering precompiled user dll's ...
Registered in 0.011143 seconds.
Begin MonoManager ReloadAssembly
Native extension for WindowsStandalone target not found
Refreshing native plugins compatible for Editor in 0.38 ms, found 1 plugins.
Preloading 0 native plugins for Editor in 0.00 ms.
Invoked RoslynAnalysisRunner static constructor.
RoslynAnalysisRunner will not be running.
RoslynAnalysisRunner has terminated.
Mono: successfully reloaded assembly
- Completed reload, in  1.190 seconds
Platform modules already initialized, skipping
Refreshing native plugins compatible for Editor in 0.35 ms, found 1 plugins.
Preloading 0 native plugins for Editor in 0.00 ms.
Unloading 1688 Unused Serialized files (Serialized files now loaded: 0)
System memory in use before: 98.4 MB.
System memory in use after: 98.5 MB.

Unloading 19 unused Assets to reduce memory usage. Loaded Objects now: 2188.
Total: 2.168000 ms (FindLiveObjects: 0.147300 ms CreateObjectMapping: 0.052800 ms MarkObjects: 1.902000 ms  DeleteObjects: 0.065000 ms)

========================================================================
Received Prepare
Registering precompiled user dll's ...
Registered in 0.004869 seconds.
Begin MonoManager ReloadAssembly
Native extension for WindowsStandalone target not found
Refreshing native plugins compatible for Editor in 0.37 ms, found 1 plugins.
Preloading 0 native plugins for Editor in 0.00 ms.
Invoked RoslynAnalysisRunner static constructor.
RoslynAnalysisRunner will not be running.
RoslynAnalysisRunner has terminated.
Mono: successfully reloaded assembly
- Completed reload, in  1.076 seconds
Platform modules already initialized, skipping
Refreshing native plugins compatible for Editor in 0.34 ms, found 1 plugins.
Preloading 0 native plugins for Editor in 0.00 ms.
Unloading 1688 Unused Serialized files (Serialized files now loaded: 0)
System memory in use before: 98.4 MB.
System memory in use after: 98.5 MB.

Unloading 18 unused Assets to reduce memory usage. Loaded Objects now: 2192.
Total: 2.270800 ms (FindLiveObjects: 0.172300 ms CreateObjectMapping: 0.060700 ms MarkObjects: 1.965800 ms  DeleteObjects: 0.071000 ms)

AssetImportWorkerClient::OnTransportError - code=2 error=End of file
